0.139599552751
0.140653720498
0.142658933997
0.143250200152
0.143836537004
0.121609866619
0.129029503465
0.138140645623
0.129806023836
0.13064737618
0.130404517055
0.15233374536
0.153098788857
0.151761394739
0.150805357099
0.149360218644
0.130330011249
0.131668806076
0.134630027413
0.13765322566
0.140857964754
0.136442735791
0.137120980024
0.137608036399
0.137310159206
0.136391657591
0.137941563129
0.13486674428
0.130688640475
0.127136716247
0.124151200056
0.12148848176
0.118863090873
0.113953734934
0.113032047451
0.111960098147
